  [1m[35m (0.7ms)[0m  [1m[34mSELECT pg_try_advisory_lock(5880326111628337425)[0m
  ↳ C:/RailsInstaller/Ruby2.3.3/bin/rake:22
  [1m[35m (10.0ms)[0m  [1m[34mSELECT "schema_migrations"."version" FROM "schema_migrations" ORDER BY "schema_migrations"."version" ASC[0m
  ↳ C:/RailsInstaller/Ruby2.3.3/bin/rake:22
  [1m[36mActiveRecord::InternalMetadata Load (9.0ms)[0m  [1m[34mSELECT  "ar_internal_metadata".* FROM "ar_internal_metadata" WHERE "ar_internal_metadata"."key" = $1 LIMIT $2[0m  [["key", "environment"], ["LIMIT", 1]]
  ↳ C:/RailsInstaller/Ruby2.3.3/bin/rake:22
  [1m[35m (17.0ms)[0m  [1m[35mBEGIN[0m
  ↳ C:/RailsInstaller/Ruby2.3.3/bin/rake:22
  [1m[35m (0.0ms)[0m  [1m[35mCOMMIT[0m
  ↳ C:/RailsInstaller/Ruby2.3.3/bin/rake:22
  [1m[35m (0.0ms)[0m  [1m[34mSELECT pg_advisory_unlock(5880326111628337425)[0m
  ↳ C:/RailsInstaller/Ruby2.3.3/bin/rake:22
  [1m[35m (0.0ms)[0m  [1m[34mSELECT "schema_migrations"."version" FROM "schema_migrations" ORDER BY "schema_migrations"."version" ASC[0m
  ↳ C:/RailsInstaller/Ruby2.3.3/bin/rake:22
  [1m[35m (0.0ms)[0m  [1m[34mSELECT pg_try_advisory_lock(5880326111628337425)[0m
  ↳ C:/RailsInstaller/Ruby2.3.3/bin/rake:22
  [1m[35m (1.0ms)[0m  [1m[34mSELECT "schema_migrations"."version" FROM "schema_migrations" ORDER BY "schema_migrations"."version" ASC[0m
  ↳ C:/RailsInstaller/Ruby2.3.3/bin/rake:22
Migrating to CreateUsers (20180825173113)
  [1m[35m (0.0ms)[0m  [1m[35mBEGIN[0m
  ↳ C:/RailsInstaller/Ruby2.3.3/bin/rake:22
  [1m[35m (442.8ms)[0m  [1m[35mCREATE TABLE "users" ("id" bigserial primary key, "CellPhone" character varying, "Username" character varying, "Password" character varying, "email" character varying, "FirstName" character varying, "LastName" character varying, "Avatar" character varying, "Points" integer, "created_at" timestamp NOT NULL, "updated_at" timestamp NOT NULL)[0m
  ↳ db/migrate/20180825173113_create_users.rb:3
  [1m[35m (1.0ms)[0m  [1m[31mROLLBACK[0m
  ↳ C:/RailsInstaller/Ruby2.3.3/bin/rake:22
  [1m[35m (0.0ms)[0m  [1m[34mSELECT pg_advisory_unlock(5880326111628337425)[0m
  ↳ C:/RailsInstaller/Ruby2.3.3/bin/rake:22
Started GET "/" for 127.0.0.1 at 2018-08-25 12:32:42 -0500
  [1m[35m (1.5ms)[0m  [1m[34mSELECT "schema_migrations"."version" FROM "schema_migrations" ORDER BY "schema_migrations"."version" ASC[0m
  ↳ C:/RailsInstaller/Ruby2.3.3/lib/ruby/gems/2.3.0/gems/activerecord-5.2.1/lib/active_record/log_subscriber.rb:98
  
ActiveRecord::PendingMigrationError (

Migrations are pending. To resolve this issue, run:

        bin/rails db:migrate RAILS_ENV=development

):
  
activerecord (5.2.1) lib/active_record/migration.rb:579:in `check_pending!'
activerecord (5.2.1) lib/active_record/migration.rb:556:in `call'
actionpack (5.2.1) lib/action_dispatch/middleware/callbacks.rb:28:in `block in call'
activesupport (5.2.1) lib/active_support/callbacks.rb:98:in `run_callbacks'
actionpack (5.2.1) lib/action_dispatch/middleware/callbacks.rb:26:in `call'
actionpack (5.2.1) lib/action_dispatch/middleware/executor.rb:14:in `call'
actionpack (5.2.1) lib/action_dispatch/middleware/debug_exceptions.rb:61:in `call'
web-console (3.6.2) lib/web_console/middleware.rb:135:in `call_app'
web-console (3.6.2) lib/web_console/middleware.rb:30:in `block in call'
web-console (3.6.2) lib/web_console/middleware.rb:20:in `catch'
web-console (3.6.2) lib/web_console/middleware.rb:20:in `call'
actionpack (5.2.1) lib/action_dispatch/middleware/show_exceptions.rb:33:in `call'
railties (5.2.1) lib/rails/rack/logger.rb:38:in `call_app'
railties (5.2.1) lib/rails/rack/logger.rb:26:in `block in call'
activesupport (5.2.1) lib/active_support/tagged_logging.rb:71:in `block in tagged'
activesupport (5.2.1) lib/active_support/tagged_logging.rb:28:in `tagged'
activesupport (5.2.1) lib/active_support/tagged_logging.rb:71:in `tagged'
railties (5.2.1) lib/rails/rack/logger.rb:26:in `call'
sprockets-rails (3.2.1) lib/sprockets/rails/quiet_assets.rb:13:in `call'
actionpack (5.2.1) lib/action_dispatch/middleware/remote_ip.rb:81:in `call'
actionpack (5.2.1) lib/action_dispatch/middleware/request_id.rb:27:in `call'
rack (2.0.5) lib/rack/method_override.rb:22:in `call'
rack (2.0.5) lib/rack/runtime.rb:22:in `call'
activesupport (5.2.1) lib/active_support/cache/strategy/local_cache_middleware.rb:29:in `call'
actionpack (5.2.1) lib/action_dispatch/middleware/executor.rb:14:in `call'
actionpack (5.2.1) lib/action_dispatch/middleware/static.rb:127:in `call'
rack (2.0.5) lib/rack/sendfile.rb:111:in `call'
railties (5.2.1) lib/rails/engine.rb:524:in `call'
puma (3.12.0) lib/puma/configuration.rb:225:in `call'
puma (3.12.0) lib/puma/server.rb:658:in `handle_request'
puma (3.12.0) lib/puma/server.rb:472:in `process_client'
puma (3.12.0) lib/puma/server.rb:332:in `block in run'
puma (3.12.0) lib/puma/thread_pool.rb:133:in `block in spawn_thread'
  [1m[35m (11.0ms)[0m  [1m[34mSELECT pg_try_advisory_lock(5880326111628337425)[0m
  ↳ C:/RailsInstaller/Ruby2.3.3/bin/rake:22
  [1m[35m (1.0ms)[0m  [1m[34mSELECT "schema_migrations"."version" FROM "schema_migrations" ORDER BY "schema_migrations"."version" ASC[0m
  ↳ C:/RailsInstaller/Ruby2.3.3/bin/rake:22
  [1m[36mActiveRecord::InternalMetadata Load (23.9ms)[0m  [1m[34mSELECT  "ar_internal_metadata".* FROM "ar_internal_metadata" WHERE "ar_internal_metadata"."key" = $1 LIMIT $2[0m  [["key", "environment"], ["LIMIT", 1]]
  ↳ C:/RailsInstaller/Ruby2.3.3/bin/rake:22
  [1m[35m (0.5ms)[0m  [1m[35mBEGIN[0m
  ↳ C:/RailsInstaller/Ruby2.3.3/bin/rake:22
  [1m[35m (1.1ms)[0m  [1m[35mCOMMIT[0m
  ↳ C:/RailsInstaller/Ruby2.3.3/bin/rake:22
  [1m[35m (0.0ms)[0m  [1m[34mSELECT pg_advisory_unlock(5880326111628337425)[0m
  ↳ C:/RailsInstaller/Ruby2.3.3/bin/rake:22
  [1m[35m (1.0ms)[0m  [1m[34mSELECT "schema_migrations"."version" FROM "schema_migrations" ORDER BY "schema_migrations"."version" ASC[0m
  ↳ C:/RailsInstaller/Ruby2.3.3/bin/rake:22
  [1m[35m (0.0ms)[0m  [1m[34mSELECT pg_try_advisory_lock(5880326111628337425)[0m
  ↳ C:/RailsInstaller/Ruby2.3.3/bin/rake:22
  [1m[35m (1.0ms)[0m  [1m[34mSELECT "schema_migrations"."version" FROM "schema_migrations" ORDER BY "schema_migrations"."version" ASC[0m
  ↳ C:/RailsInstaller/Ruby2.3.3/bin/rake:22
Migrating to CreateUsers (20180825181515)
  [1m[35m (1.0ms)[0m  [1m[35mBEGIN[0m
  ↳ C:/RailsInstaller/Ruby2.3.3/bin/rake:22
  [1m[35m (462.8ms)[0m  [1m[35mCREATE TABLE "users" ("id" bigserial primary key, "CellPhone" character varying, "Username" character varying, "Password" character varying, "email" character varying, "FirstName" character varying, "LastName" character varying, "Avatar" character varying, "Points" integer, "created_at" timestamp NOT NULL, "updated_at" timestamp NOT NULL)[0m
  ↳ db/migrate/20180825181515_create_users.rb:3
  [1m[36mActiveRecord::SchemaMigration Create (103.8ms)[0m  [1m[32mINSERT INTO "schema_migrations" ("version") VALUES ($1) RETURNING "version"[0m  [["version", "20180825181515"]]
  ↳ C:/RailsInstaller/Ruby2.3.3/bin/rake:22
  [1m[35m (0.9ms)[0m  [1m[35mCOMMIT[0m
  ↳ C:/RailsInstaller/Ruby2.3.3/bin/rake:22
  [1m[36mActiveRecord::InternalMetadata Load (1.0ms)[0m  [1m[34mSELECT  "ar_internal_metadata".* FROM "ar_internal_metadata" WHERE "ar_internal_metadata"."key" = $1 LIMIT $2[0m  [["key", "environment"], ["LIMIT", 1]]
  ↳ C:/RailsInstaller/Ruby2.3.3/bin/rake:22
  [1m[35m (1.0ms)[0m  [1m[35mBEGIN[0m
  ↳ C:/RailsInstaller/Ruby2.3.3/bin/rake:22
  [1m[35m (0.0ms)[0m  [1m[35mCOMMIT[0m
  ↳ C:/RailsInstaller/Ruby2.3.3/bin/rake:22
  [1m[35m (1.0ms)[0m  [1m[34mSELECT pg_advisory_unlock(5880326111628337425)[0m
  ↳ C:/RailsInstaller/Ruby2.3.3/bin/rake:22
  [1m[35m (0.0ms)[0m  [1m[34mSELECT "schema_migrations"."version" FROM "schema_migrations" ORDER BY "schema_migrations"."version" ASC[0m
  ↳ C:/RailsInstaller/Ruby2.3.3/bin/rake:22
Started GET "/" for 127.0.0.1 at 2018-08-25 13:15:55 -0500
  [1m[35m (1.0ms)[0m  [1m[34mSELECT "schema_migrations"."version" FROM "schema_migrations" ORDER BY "schema_migrations"."version" ASC[0m
  ↳ C:/RailsInstaller/Ruby2.3.3/lib/ruby/gems/2.3.0/gems/activerecord-5.2.1/lib/active_record/log_subscriber.rb:98
Processing by Rails::WelcomeController#index as HTML
  Rendering C:/RailsInstaller/Ruby2.3.3/lib/ruby/gems/2.3.0/gems/railties-5.2.1/lib/rails/templates/rails/welcome/index.html.erb
  Rendered C:/RailsInstaller/Ruby2.3.3/lib/ruby/gems/2.3.0/gems/railties-5.2.1/lib/rails/templates/rails/welcome/index.html.erb (6.1ms)
Completed 200 OK in 326ms (Views: 80.6ms | ActiveRecord: 0.0ms)


Started GET "/users" for 127.0.0.1 at 2018-08-25 13:16:01 -0500
Processing by UsersController#index as HTML
  Rendering users/index.html.erb within layouts/application
  [1m[36mUser Load (1.0ms)[0m  [1m[34mSELECT "users".* FROM "users"[0m
  ↳ app/views/users/index.html.erb:21
  Rendered users/index.html.erb within layouts/application (11.0ms)
Completed 200 OK in 1011ms (Views: 981.9ms | ActiveRecord: 5.0ms)


Started GET "/users/new" for 127.0.0.1 at 2018-08-25 13:16:23 -0500
Processing by UsersController#new as HTML
  Rendering users/new.html.erb within layouts/application
  Rendered users/_form.html.erb (595.4ms)
  Rendered users/new.html.erb within layouts/application (621.6ms)
Completed 200 OK in 795ms (Views: 748.1ms | ActiveRecord: 5.0ms)


Started POST "/users" for 127.0.0.1 at 2018-08-25 13:16:33 -0500
Processing by UsersController#create as HTML
  Parameters: {"utf8"=>"✓", "authenticity_token"=>"LStUfKJLohWuyntZBMefw53mkUZDIu59uvNe6IaFfPjhwmYJxkhGyASrlp4c0QM4h6qTI2xZj02zqB3o4/VUWg==", "user"=>{"CellPhone"=>"", "Username"=>"", "Password"=>"[FILTERED]", "email"=>"", "FirstName"=>"", "LastName"=>"", "Avatar"=>"", "Points"=>""}, "commit"=>"Create User"}
  [1m[35m (0.0ms)[0m  [1m[35mBEGIN[0m
  ↳ app/controllers/users_controller.rb:30
  [1m[36mUser Create (24.9ms)[0m  [1m[32mINSERT INTO "users" ("CellPhone", "Username", "Password", "email", "FirstName", "LastName", "Avatar", "created_at", "updated_at") VALUES ($1, $2, $3, $4, $5, $6, $7, $8, $9) RETURNING "id"[0m  [["CellPhone", ""], ["Username", ""], ["Password", ""], ["email", ""], ["FirstName", ""], ["LastName", ""], ["Avatar", ""], ["created_at", "2018-08-25 18:16:33.597615"], ["updated_at", "2018-08-25 18:16:33.597615"]]
  ↳ app/controllers/users_controller.rb:30
  [1m[35m (1.0ms)[0m  [1m[35mCOMMIT[0m
  ↳ app/controllers/users_controller.rb:30
Redirected to http://localhost:3000/users/1
Completed 302 Found in 37ms (ActiveRecord: 25.9ms)


Started GET "/users/1" for 127.0.0.1 at 2018-08-25 13:16:33 -0500
Processing by UsersController#show as HTML
  Parameters: {"id"=>"1"}
  [1m[36mUser Load (0.0ms)[0m  [1m[34mSELECT  "users".* FROM "users" WHERE "users"."id" = $1 LIMIT $2[0m  [["id", 1], ["LIMIT", 1]]
  ↳ app/controllers/users_controller.rb:67
  Rendering users/show.html.erb within layouts/application
  Rendered users/show.html.erb within layouts/application (2.0ms)
Completed 200 OK in 159ms (Views: 123.7ms | ActiveRecord: 0.0ms)


Started GET "/users" for 127.0.0.1 at 2018-08-25 13:16:37 -0500
Processing by UsersController#index as HTML
  Rendering users/index.html.erb within layouts/application
  [1m[36mUser Load (1.0ms)[0m  [1m[34mSELECT "users".* FROM "users"[0m
  ↳ app/views/users/index.html.erb:21
  Rendered users/index.html.erb within layouts/application (6.0ms)
Completed 200 OK in 134ms (Views: 111.4ms | ActiveRecord: 1.0ms)


Started DELETE "/users/1" for 127.0.0.1 at 2018-08-25 13:16:41 -0500
Processing by UsersController#destroy as HTML
  Parameters: {"authenticity_token"=>"QYeqNOsq+wTUjx7xbCbc6SYijOdUDRuGQldJv+I1z40J2IG76bUbCdf8jUlEir9WewQMytAJp8qB2tTXOcw44w==", "id"=>"1"}
  [1m[36mUser Load (0.6ms)[0m  [1m[34mSELECT  "users".* FROM "users" WHERE "users"."id" = $1 LIMIT $2[0m  [["id", 1], ["LIMIT", 1]]
  ↳ app/controllers/users_controller.rb:67
  [1m[35m (0.0ms)[0m  [1m[35mBEGIN[0m
  ↳ app/controllers/users_controller.rb:57
  [1m[36mUser Destroy (16.4ms)[0m  [1m[31mDELETE FROM "users" WHERE "users"."id" = $1[0m  [["id", 1]]
  ↳ app/controllers/users_controller.rb:57
  [1m[35m (1.0ms)[0m  [1m[35mCOMMIT[0m
  ↳ app/controllers/users_controller.rb:57
Redirected to http://localhost:3000/users
Completed 302 Found in 30ms (ActiveRecord: 18.0ms)


Started GET "/users" for 127.0.0.1 at 2018-08-25 13:16:41 -0500
Processing by UsersController#index as HTML
  Rendering users/index.html.erb within layouts/application
  [1m[36mUser Load (1.1ms)[0m  [1m[34mSELECT "users".* FROM "users"[0m
  ↳ app/views/users/index.html.erb:21
  Rendered users/index.html.erb within layouts/application (5.0ms)
Completed 200 OK in 138ms (Views: 114.7ms | ActiveRecord: 1.1ms)


